<?xml version="1.0" encoding="UTF-8"?>
<!-- Generated by org.testng.reporters.JUnitReportReporter -->
<testsuite hostname="sathish" failures="0" tests="1" name="practice.program.DataProviderMethodTest" time="0.000" errors="0" timestamp="08 Aug 2024 06:38:24 GMT" skipped="1">
  <testcase classname="practice.program.DataProviderMethodTest" name="getElement" time="0.000">
    <skipped/>
  </testcase> <!-- getElement -->
</testsuite> <!-- practice.program.DataProviderMethodTest -->
