<?xml version="1.0" encoding="UTF-8"?>
<!-- Generated by org.testng.reporters.JUnitReportReporter -->
<testsuite hostname="sathish" failures="0" tests="1" name="com.testng.SampleReportTestJava" time="3.473" errors="0" timestamp="26 Aug 2024 09:45:19 GMT" skipped="0">
  <testcase classname="com.testng.SampleReportTestJava" name="createContactTest" time="3.473"/>
</testsuite> <!-- com.testng.SampleReportTestJava -->
