<?xml version="1.0" encoding="UTF-8"?>
<!-- Generated by org.testng.reporters.JUnitReportReporter -->
<testsuite hostname="sathish" failures="0" tests="2" name="com.testng.ReporterLog" time="0.025" errors="0" timestamp="19 Aug 2024 04:36:45 GMT" skipped="0">
  <testcase classname="com.testng.ReporterLog" name="reporterLog1" time="0.022"/>
  <testcase classname="com.testng.ReporterLog" name="reporterLog2" time="0.003"/>
</testsuite> <!-- com.testng.ReporterLog -->
