<?xml version="1.0" encoding="UTF-8"?>
<!-- Generated by org.testng.reporters.JUnitReportReporter -->
<testsuite hostname="sathish" failures="0" tests="1" name="com.comcast.crm.orgtest.CreateOrgWithPhoneTest" time="17.016" errors="0" timestamp="13 Aug 2024 05:50:31 GMT" skipped="0">
  <testcase classname="com.comcast.crm.orgtest.CreateOrgWithPhoneTest" name="orgWithPhone" time="17.016"/>
</testsuite> <!-- com.comcast.crm.orgtest.CreateOrgWithPhoneTest -->
