<?xml version="1.0" encoding="UTF-8"?>
<!-- Generated by org.testng.reporters.JUnitReportReporter -->
<testsuite hostname="sathish" failures="0" tests="1" name="practice.test.ReporterLog" time="0.020" errors="0" timestamp="21 Aug 2024 10:35:50 GMT" skipped="0">
  <testcase classname="practice.test.ReporterLog" name="executeReporterLog" time="0.020"/>
</testsuite> <!-- practice.test.ReporterLog -->
