<?xml version="1.0" encoding="UTF-8"?>
<!-- Generated by org.testng.reporters.JUnitReportReporter -->
<testsuite hostname="sathish" failures="0" tests="1" name="com.testng.CaptureTimeStamps" time="0.112" errors="0" timestamp="16 Aug 2024 12:21:47 GMT" skipped="0">
  <testcase classname="com.testng.CaptureTimeStamps" name="catureTime" time="0.112"/>
</testsuite> <!-- com.testng.CaptureTimeStamps -->
