<?xml version="1.0" encoding="UTF-8"?>
<!-- Generated by org.testng.reporters.JUnitReportReporter -->
<testsuite hostname="sathish" failures="0" tests="11" name="practice.program.TestCaseaboutAnnotationTest" time="0.020" errors="0" timestamp="07 Aug 2024 05:41:49 GMT" skipped="1">
  <testcase classname="practice.program.TestCaseaboutAnnotationTest" name="testCase1" time="0.001"/>
  <testcase classname="practice.program.TestCaseaboutAnnotationTest" name="testCase1" time="0.001"/>
  <testcase classname="practice.program.TestCaseaboutAnnotationTest" name="testCase1" time="0.001"/>
  <testcase classname="practice.program.TestCaseaboutAnnotationTest" name="testCase1" time="0.000"/>
  <testcase classname="practice.program.TestCaseaboutAnnotationTest" name="testCase1" time="0.000"/>
  <testcase classname="practice.program.TestCaseaboutAnnotationTest" name="testCase1" time="0.001"/>
  <testcase classname="practice.program.TestCaseaboutAnnotationTest" name="testCase1" time="0.001"/>
  <testcase classname="practice.program.TestCaseaboutAnnotationTest" name="testCase1" time="0.000"/>
  <testcase classname="practice.program.TestCaseaboutAnnotationTest" name="testCase1" time="0.001"/>
  <testcase classname="practice.program.TestCaseaboutAnnotationTest" name="testCase1" time="0.014"/>
  <testcase classname="practice.program.TestCaseaboutAnnotationTest" name="testcase2">
    <skipped/>
  </testcase> <!-- testcase2 -->
</testsuite> <!-- practice.program.TestCaseaboutAnnotationTest -->
