<?xml version="1.0" encoding="UTF-8"?>
<!-- Generated by org.testng.reporters.JUnitReportReporter -->
<testsuite hostname="sathish" failures="0" tests="2" name="practice.test.CreateContactTest" time="0.013" errors="0" timestamp="09 Aug 2024 07:39:10 GMT" skipped="0">
  <testcase classname="practice.test.CreateContactTest" name="createContact" time="0.011"/>
  <testcase classname="practice.test.CreateContactTest" name="createContactWithDate" time="0.002"/>
</testsuite> <!-- practice.test.CreateContactTest -->
