<?xml version="1.0" encoding="UTF-8"?>
<!-- Generated by org.testng.reporters.JUnitReportReporter -->
<testsuite hostname="sathish" failures="0" tests="1" name="practice.program.DataProvider" time="5.604" errors="0" timestamp="07 Aug 2024 07:47:19 GMT" skipped="0">
  <testcase classname="practice.program.DataProvider" name="getElement" time="5.604"/>
</testsuite> <!-- practice.program.DataProvider -->
