<?xml version="1.0" encoding="UTF-8"?>
<!-- Generated by org.testng.reporters.JUnitReportReporter -->
<testsuite hostname="sathish" failures="0" tests="3" name="com.comcast.crm.orgtest.CreateOrganizationPage" time="59.267" errors="0" timestamp="27 Aug 2024 04:29:23 GMT" skipped="0">
  <testcase classname="com.comcast.crm.orgtest.CreateOrganizationPage" name="createOrgTest" time="20.029"/>
  <testcase classname="com.comcast.crm.orgtest.CreateOrganizationPage" name="orgWithPhone" time="20.380"/>
  <testcase classname="com.comcast.crm.orgtest.CreateOrganizationPage" name="orgWithIndustryTest" time="18.858"/>
</testsuite> <!-- com.comcast.crm.orgtest.CreateOrganizationPage -->
