<?xml version="1.0" encoding="UTF-8"?>
<!-- Generated by org.testng.reporters.JUnitReportReporter -->
<testsuite hostname="sathish" failures="0" tests="1" name="practice.pom.repository.SampleTestWithPom" time="9.818" errors="0" timestamp="01 Aug 2024 10:26:21 GMT" skipped="0">
  <testcase classname="practice.pom.repository.SampleTestWithPom" name="sampleTest" time="9.818"/>
</testsuite> <!-- practice.pom.repository.SampleTestWithPom -->
