<?xml version="1.0" encoding="UTF-8"?>
<!-- Generated by org.testng.reporters.JUnitReportReporter -->
<testsuite hostname="sathish" failures="0" tests="1" name="com.testng.SampleTestForScreenShot" time="5.389" errors="0" timestamp="16 Aug 2024 06:43:54 GMT" skipped="0">
  <testcase classname="com.testng.SampleTestForScreenShot" name="amazonTest" time="5.389"/>
</testsuite> <!-- com.testng.SampleTestForScreenShot -->
