<?xml version="1.0" encoding="UTF-8"?>
<!-- Generated by org.testng.reporters.JUnitReportReporter -->
<testsuite hostname="sathish" failures="0" tests="1" name="com.comcast.crm.orgtest.CreateOrganizationTest" time="16.652" errors="0" timestamp="13 Aug 2024 05:50:31 GMT" skipped="0">
  <testcase classname="com.comcast.crm.orgtest.CreateOrganizationTest" name="createOrgTest" time="16.652"/>
</testsuite> <!-- com.comcast.crm.orgtest.CreateOrganizationTest -->
